<?xml version="1.0" encoding="UTF-8"?>
<!-- Generated by org.testng.reporters.JUnitXMLReporter -->
<testsuite hostname="PRC-20170801ZCL" name="Default test" tests="7" failures="0" timestamp="10 Jun 2019 03:11:30 GMT" time="38.579" errors="0">
  <testcase name="FalseULogin" time="2.884" classname="springboot.webSpringboot.testCase.login"/>
  <testcase name="FalsePLogin" time="2.819" classname="springboot.webSpringboot.testCase.login"/>
  <testcase name="FalseUNullLogin" time="2.74" classname="springboot.webSpringboot.testCase.login"/>
  <testcase name="FalsePNullLogin" time="2.725" classname="springboot.webSpringboot.testCase.login"/>
  <testcase name="JUPclick" time="2.166" classname="springboot.webSpringboot.testCase.login"/>
  <testcase name="LoginFindPasswordPage" time="5.208" classname="springboot.webSpringboot.testCase.login"/>
  <testcase name="logingTrue" time="9.482" classname="springboot.webSpringboot.testCase.login"/>
</testsuite> <!-- Default test -->
