<?xml version="1.0" encoding="UTF-8"?>
<!-- Generated by org.testng.reporters.JUnitXMLReporter -->
<testsuite hostname="PRC-20170801ZCL" name="Test" tests="7" failures="0" timestamp="20 Jun 2019 08:44:57 GMT" time="45.142" errors="0">
  <testcase name="FalseULogin" time="10.805" classname="springboot.webSpringboot.testCase.login"/>
  <testcase name="FalsePLogin" time="2.816" classname="springboot.webSpringboot.testCase.login"/>
  <testcase name="FalseUNullLogin" time="2.843" classname="springboot.webSpringboot.testCase.login"/>
  <testcase name="FalsePNullLogin" time="2.715" classname="springboot.webSpringboot.testCase.login"/>
  <testcase name="JUPclick" time="2.47" classname="springboot.webSpringboot.testCase.login"/>
  <testcase name="LoginFindPasswordPage" time="5.321" classname="springboot.webSpringboot.testCase.login"/>
  <testcase name="logingTrue" time="9.505" classname="springboot.webSpringboot.testCase.login"/>
</testsuite> <!-- Test -->
