<?xml version="1.0" encoding="UTF-8"?>
<!-- Generated by org.testng.reporters.JUnitXMLReporter -->
<testsuite hostname="PRC-20170801ZCL" name="Test" tests="7" failures="1" timestamp="18 Sep 2019 03:43:28 GMT" time="51.596" errors="0">
  <testcase name="FalseULogin" time="8.504" classname="automate.webautomate.testcase.Login"/>
  <testcase name="FalsePLogin" time="2.839" classname="automate.webautomate.testcase.Login"/>
  <testcase name="FalseUNullLogin" time="2.725" classname="automate.webautomate.testcase.Login"/>
  <testcase name="FalsePNullLogin" time="2.732" classname="automate.webautomate.testcase.Login"/>
  <testcase name="JUPclick" time="2.476" classname="automate.webautomate.testcase.Login"/>
  <testcase name="LoginFindPasswordPage" time="5.187" classname="automate.webautomate.testcase.Login">
    <failure type="java.lang.AssertionError" message="找回密码 expected:&amp;lt;找回密码&amp;gt; but was:&amp;lt;产品登录页面：点击【忘记密码】跳转找回密码页面,断言title&amp;gt;">
      <![CDATA[java.lang.AssertionError: 找回密码 expected:<找回密码> but was:<产品登录页面：点击【忘记密码】跳转找回密码页面,断言title>
	at automate.webautomate.testcase.Login.LoginFindPasswordPage(Login.java:85)
... Removed 25 stack frames]]>
    </failure>
  </testcase> <!-- LoginFindPasswordPage -->
  <testcase name="logingTrue" time="15.448" classname="automate.webautomate.testcase.Login"/>
</testsuite> <!-- Test -->
