<?xml version="1.0" encoding="UTF-8"?>
<testng-results skipped="0" failed="0" ignored="0" total="0" passed="0">
  <reporter-output>
  </reporter-output>
  <suite name="springboot.webSpringboot.AppTest" duration-ms="4" started-at="2019-04-11T02:31:19Z" finished-at="2019-04-11T02:31:19Z">
    <groups>
    </groups>
    <test name="Command line test" duration-ms="4" started-at="2019-04-11T02:31:19Z" finished-at="2019-04-11T02:31:19Z">
    </test> <!-- Command line test -->
  </suite> <!-- springboot.webSpringboot.AppTest -->
</testng-results>
