<?xml version="1.0" encoding="UTF-8"?>
<testng-results skipped="0" failed="0" total="1" passed="1">
  <reporter-output>
  </reporter-output>
  <suite name="Default suite" duration-ms="16194" started-at="2019-09-23T07:17:35Z" finished-at="2019-09-23T07:17:52Z">
    <groups>
    </groups>
    <test name="Default test" duration-ms="16194" started-at="2019-09-23T07:17:35Z" finished-at="2019-09-23T07:17:52Z">
      <class name="automate.webautomate.testcase.LoginMKW">
        <test-method status="PASS" signature="beforeClass()[pri:0, instance:automate.webautomate.testcase.LoginMKW@326de728]" name="beforeClass" is-config="true" duration-ms="7129" started-at="2019-09-23T15:17:35Z" finished-at="2019-09-23T15:17:42Z">
          <reporter-output>
          </reporter-output>
        </test-method> <!-- beforeClass -->
        <test-method status="PASS" signature="trueLogin()[pri:0, instance:automate.webautomate.testcase.LoginMKW@326de728]" name="trueLogin" duration-ms="6741" started-at="2019-09-23T15:17:42Z" finished-at="2019-09-23T15:17:49Z">
          <reporter-output>
          </reporter-output>
        </test-method> <!-- trueLogin -->
        <test-method status="PASS" signature="afterClass()[pri:0, instance:automate.webautomate.testcase.LoginMKW@326de728]" name="afterClass" is-config="true" duration-ms="2315" started-at="2019-09-23T15:17:49Z" finished-at="2019-09-23T15:17:52Z">
          <reporter-output>
          </reporter-output>
        </test-method> <!-- afterClass -->
      </class> <!-- automate.webautomate.testcase.LoginMKW -->
    </test> <!-- Default test -->
  </suite> <!-- Default suite -->
</testng-results>
